<?xml version="1.0" encoding="UTF-8"?>
<!-- Generated by org.testng.reporters.JUnitReportReporter -->
<testsuite hostname="AnuRag" failures="0" tests="3" name="Practice.Success.Intro" time="0.027" errors="0" timestamp="2022-08-24T19:21:42 IST" skipped="0">
  <testcase classname="Practice.Success.Intro" name="age" time="0.019"/>
  <system-out/>
  <testcase classname="Practice.Success.Intro" name="color" time="0.003"/>
  <system-out/>
  <testcase classname="Practice.Success.Intro" name="name" time="0.005"/>
  <system-out/>
</testsuite> <!-- Practice.Success.Intro -->
