<?xml version="1.0" encoding="UTF-8"?>
<!-- Generated by org.testng.reporters.JUnitReportReporter -->
<testsuite hostname="AnuRag" failures="0" tests="1" name="Practice.Success.ExtentReportDemo" time="11.220" errors="0" timestamp="2022-09-30T21:44:13 IST" skipped="0">
  <testcase classname="Practice.Success.ExtentReportDemo" name="extentReportsDemo" time="11.220"/>
  <system-out/>
</testsuite> <!-- Practice.Success.ExtentReportDemo -->
