<?xml version="1.0" encoding="UTF-8"?>
<!-- Generated by org.testng.reporters.JUnitReportReporter -->
<testsuite hostname="AnuRag" failures="0" tests="3" name="Practice.Success.LandingPageTest" time="49.142" errors="0" timestamp="2022-09-30T11:34:53 IST" skipped="0">
  <testcase classname="Practice.Success.LandingPageTest" name="validateHomeButtonLink" time="15.410"/>
  <system-out/>
  <testcase classname="Practice.Success.LandingPageTest" name="getNoOfRows" time="17.019"/>
  <system-out/>
  <testcase classname="Practice.Success.LandingPageTest" name="getNoOfColumns" time="16.713"/>
  <system-out/>
</testsuite> <!-- Practice.Success.LandingPageTest -->
