<?xml version="1.0" encoding="UTF-8"?>
<!-- Generated by org.testng.reporters.JUnitReportReporter -->
<testsuite hostname="AnuRag" failures="0" tests="3" name="Practice.Success.LandingPageTest" time="49.997" errors="0" timestamp="2022-09-30T12:11:05 IST" skipped="0">
  <testcase classname="Practice.Success.LandingPageTest" name="validateHomeButtonLink" time="16.048"/>
  <system-out/>
  <testcase classname="Practice.Success.LandingPageTest" name="getNoOfRows" time="16.834"/>
  <system-out/>
  <testcase classname="Practice.Success.LandingPageTest" name="getNoOfColumns" time="17.115"/>
  <system-out/>
</testsuite> <!-- Practice.Success.LandingPageTest -->
